<?xml version="1.0" encoding="UTF-8"?>
<testng-results ignored="0" total="0" passed="0" failed="0" skipped="0">
  <reporter-output>
  </reporter-output>
  <suite started-at="2023-09-20T11:53:27 IST" name="Suite" finished-at="2023-09-20T11:53:27 IST" duration-ms="0">
    <groups>
      <group name="ErrorHandling">
        <method signature="ErrorValidationsTest.LoginErrorValidations()[pri:0, instance:AyeshaMulla.tests.ErrorValidationsTest@4e0ae11f]" name="LoginErrorValidations" class="AyeshaMulla.tests.ErrorValidationsTest"/>
      </group> <!-- ErrorHandling -->
      <group name="purchase">
        <method signature="SubmitOrderTest.SubmitOrder(java.util.HashMap)[pri:0, instance:AyeshaMulla.tests.SubmitOrderTest@626abbd0]" name="SubmitOrder" class="AyeshaMulla.tests.SubmitOrderTest"/>
      </group> <!-- purchase -->
    </groups>
  </suite> <!-- Suite -->
</testng-results>
